2022-04-21 21:54:13,856 [Worker-2: Loading available Gradle versions] INFO  o.e.b.c.i.u.g.PublishedGradleVersions - Gradle version information cache is up-to-date. Trying to read.
2022-04-28 13:42:36,358 [Worker-0: Loading available Gradle versions] INFO  o.e.b.c.i.u.g.PublishedGradleVersions - Gradle version information cache is out-of-date. Trying to update.
2022-04-30 12:50:58,945 [Worker-3: Loading available Gradle versions] INFO  o.e.b.c.i.u.g.PublishedGradleVersions - Gradle version information cache is out-of-date. Trying to update.
2022-05-01 19:47:51,233 [Worker-3: Loading available Gradle versions] INFO  o.e.b.c.i.u.g.PublishedGradleVersions - Gradle version information cache is out-of-date. Trying to update.
2022-05-01 20:38:25,171 [Worker-23: Enabling Maven Dependency Management] INFO  o.e.m.c.i.e.AbstractTransferListenerAdapter - Downloading https://repo.maven.apache.org/maven2/org/apache/maven/plugins/maven-compiler-plugin/3.8.1/maven-compiler-plugin-3.8.1.jar
2022-05-01 20:38:25,249 [Worker-23: Enabling Maven Dependency Management] INFO  o.e.m.c.i.e.AbstractTransferListenerAdapter - Downloaded https://repo.maven.apache.org/maven2/org/apache/maven/plugins/maven-compiler-plugin/3.8.1/maven-compiler-plugin-3.8.1.jar
2022-05-01 20:38:25,640 [Worker-23: Enabling Maven Dependency Management] INFO  o.e.m.c.i.e.AbstractTransferListenerAdapter - Downloading https://repo.maven.apache.org/maven2/org/apache/maven/plugins/maven-compiler-plugin/3.8.1/maven-compiler-plugin-3.8.1.pom
2022-05-01 20:38:25,683 [Worker-23: Enabling Maven Dependency Management] INFO  o.e.m.c.i.e.AbstractTransferListenerAdapter - Downloaded https://repo.maven.apache.org/maven2/org/apache/maven/plugins/maven-compiler-plugin/3.8.1/maven-compiler-plugin-3.8.1.pom
2022-05-01 20:38:25,713 [Worker-23: Enabling Maven Dependency Management] INFO  o.e.m.c.i.e.AbstractTransferListenerAdapter - Downloading https://repo.maven.apache.org/maven2/org/apache/maven/plugins/maven-plugins/33/maven-plugins-33.pom
2022-05-01 20:38:25,746 [Worker-23: Enabling Maven Dependency Management] INFO  o.e.m.c.i.e.AbstractTransferListenerAdapter - Downloaded https://repo.maven.apache.org/maven2/org/apache/maven/plugins/maven-plugins/33/maven-plugins-33.pom
2022-05-01 20:38:26,011 [Worker-23: Enabling Maven Dependency Management] INFO  o.e.m.c.i.e.AbstractTransferListenerAdapter - Downloading https://repo.maven.apache.org/maven2/org/codehaus/plexus/plexus-component-annotations/1.7.1/plexus-component-annotations-1.7.1.pom
2022-05-01 20:38:26,044 [Worker-23: Enabling Maven Dependency Management] INFO  o.e.m.c.i.e.AbstractTransferListenerAdapter - Downloaded https://repo.maven.apache.org/maven2/org/codehaus/plexus/plexus-component-annotations/1.7.1/plexus-component-annotations-1.7.1.pom
2022-05-01 20:38:26,070 [Worker-23: Enabling Maven Dependency Management] INFO  o.e.m.c.i.e.AbstractTransferListenerAdapter - Downloading https://repo.maven.apache.org/maven2/org/codehaus/plexus/plexus-containers/1.7.1/plexus-containers-1.7.1.pom
2022-05-01 20:38:26,104 [Worker-23: Enabling Maven Dependency Management] INFO  o.e.m.c.i.e.AbstractTransferListenerAdapter - Downloaded https://repo.maven.apache.org/maven2/org/codehaus/plexus/plexus-containers/1.7.1/plexus-containers-1.7.1.pom
2022-05-01 20:38:26,465 [Worker-23: Enabling Maven Dependency Management] INFO  o.e.m.c.i.e.AbstractTransferListenerAdapter - Downloading https://repo.maven.apache.org/maven2/org/apache/maven/shared/maven-shared-utils/3.2.1/maven-shared-utils-3.2.1.pom
2022-05-01 20:38:26,506 [Worker-23: Enabling Maven Dependency Management] INFO  o.e.m.c.i.e.AbstractTransferListenerAdapter - Downloaded https://repo.maven.apache.org/maven2/org/apache/maven/shared/maven-shared-utils/3.2.1/maven-shared-utils-3.2.1.pom
2022-05-01 20:38:26,528 [Worker-23: Enabling Maven Dependency Management] INFO  o.e.m.c.i.e.AbstractTransferListenerAdapter - Downloading https://repo.maven.apache.org/maven2/org/apache/maven/shared/maven-shared-components/30/maven-shared-components-30.pom
2022-05-01 20:38:26,563 [Worker-23: Enabling Maven Dependency Management] INFO  o.e.m.c.i.e.AbstractTransferListenerAdapter - Downloaded https://repo.maven.apache.org/maven2/org/apache/maven/shared/maven-shared-components/30/maven-shared-components-30.pom
2022-05-01 20:38:26,596 [Worker-23: Enabling Maven Dependency Management] INFO  o.e.m.c.i.e.AbstractTransferListenerAdapter - Downloading https://repo.maven.apache.org/maven2/org/apache/maven/maven-parent/30/maven-parent-30.pom
2022-05-01 20:38:26,639 [Worker-23: Enabling Maven Dependency Management] INFO  o.e.m.c.i.e.AbstractTransferListenerAdapter - Downloaded https://repo.maven.apache.org/maven2/org/apache/maven/maven-parent/30/maven-parent-30.pom
2022-05-01 20:38:26,667 [Worker-23: Enabling Maven Dependency Management] INFO  o.e.m.c.i.e.AbstractTransferListenerAdapter - Downloading https://repo.maven.apache.org/maven2/org/apache/apache/18/apache-18.pom
2022-05-01 20:38:26,707 [Worker-23: Enabling Maven Dependency Management] INFO  o.e.m.c.i.e.AbstractTransferListenerAdapter - Downloaded https://repo.maven.apache.org/maven2/org/apache/apache/18/apache-18.pom
2022-05-01 20:38:26,739 [Worker-23: Enabling Maven Dependency Management] INFO  o.e.m.c.i.e.AbstractTransferListenerAdapter - Downloading https://repo.maven.apache.org/maven2/commons-io/commons-io/2.5/commons-io-2.5.pom
2022-05-01 20:38:26,776 [Worker-23: Enabling Maven Dependency Management] INFO  o.e.m.c.i.e.AbstractTransferListenerAdapter - Downloaded https://repo.maven.apache.org/maven2/commons-io/commons-io/2.5/commons-io-2.5.pom
2022-05-01 20:38:26,814 [Worker-23: Enabling Maven Dependency Management] INFO  o.e.m.c.i.e.AbstractTransferListenerAdapter - Downloading https://repo.maven.apache.org/maven2/org/apache/commons/commons-parent/39/commons-parent-39.pom
2022-05-01 20:38:26,866 [Worker-23: Enabling Maven Dependency Management] INFO  o.e.m.c.i.e.AbstractTransferListenerAdapter - Downloaded https://repo.maven.apache.org/maven2/org/apache/commons/commons-parent/39/commons-parent-39.pom
2022-05-01 20:38:26,904 [Worker-23: Enabling Maven Dependency Management] INFO  o.e.m.c.i.e.AbstractTransferListenerAdapter - Downloading https://repo.maven.apache.org/maven2/org/apache/apache/16/apache-16.pom
2022-05-01 20:38:26,937 [Worker-23: Enabling Maven Dependency Management] INFO  o.e.m.c.i.e.AbstractTransferListenerAdapter - Downloaded https://repo.maven.apache.org/maven2/org/apache/apache/16/apache-16.pom
2022-05-01 20:38:27,339 [Worker-23: Enabling Maven Dependency Management] INFO  o.e.m.c.i.e.AbstractTransferListenerAdapter - Downloading https://repo.maven.apache.org/maven2/com/thoughtworks/qdox/qdox/2.0-M9/qdox-2.0-M9.pom
2022-05-01 20:38:27,372 [Worker-23: Enabling Maven Dependency Management] INFO  o.e.m.c.i.e.AbstractTransferListenerAdapter - Downloaded https://repo.maven.apache.org/maven2/com/thoughtworks/qdox/qdox/2.0-M9/qdox-2.0-M9.pom
2022-05-01 20:38:27,416 [Worker-23: Enabling Maven Dependency Management] INFO  o.e.m.c.i.e.AbstractTransferListenerAdapter - Downloading https://repo.maven.apache.org/maven2/org/codehaus/plexus/plexus-compiler-api/2.8.4/plexus-compiler-api-2.8.4.pom
2022-05-01 20:38:27,446 [Worker-23: Enabling Maven Dependency Management] INFO  o.e.m.c.i.e.AbstractTransferListenerAdapter - Downloaded https://repo.maven.apache.org/maven2/org/codehaus/plexus/plexus-compiler-api/2.8.4/plexus-compiler-api-2.8.4.pom
2022-05-01 20:38:27,471 [Worker-23: Enabling Maven Dependency Management] INFO  o.e.m.c.i.e.AbstractTransferListenerAdapter - Downloading https://repo.maven.apache.org/maven2/org/codehaus/plexus/plexus-compiler/2.8.4/plexus-compiler-2.8.4.pom
2022-05-01 20:38:27,506 [Worker-23: Enabling Maven Dependency Management] INFO  o.e.m.c.i.e.AbstractTransferListenerAdapter - Downloaded https://repo.maven.apache.org/maven2/org/codehaus/plexus/plexus-compiler/2.8.4/plexus-compiler-2.8.4.pom
2022-05-01 20:38:27,529 [Worker-23: Enabling Maven Dependency Management] INFO  o.e.m.c.i.e.AbstractTransferListenerAdapter - Downloading https://repo.maven.apache.org/maven2/org/codehaus/plexus/plexus-components/4.0/plexus-components-4.0.pom
2022-05-01 20:38:27,569 [Worker-23: Enabling Maven Dependency Management] INFO  o.e.m.c.i.e.AbstractTransferListenerAdapter - Downloaded https://repo.maven.apache.org/maven2/org/codehaus/plexus/plexus-components/4.0/plexus-components-4.0.pom
2022-05-01 20:38:27,599 [Worker-23: Enabling Maven Dependency Management] INFO  o.e.m.c.i.e.AbstractTransferListenerAdapter - Downloading https://repo.maven.apache.org/maven2/org/codehaus/plexus/plexus-utils/3.0.22/plexus-utils-3.0.22.pom
2022-05-01 20:38:27,635 [Worker-23: Enabling Maven Dependency Management] INFO  o.e.m.c.i.e.AbstractTransferListenerAdapter - Downloaded https://repo.maven.apache.org/maven2/org/codehaus/plexus/plexus-utils/3.0.22/plexus-utils-3.0.22.pom
2022-05-01 20:38:27,705 [Worker-23: Enabling Maven Dependency Management] INFO  o.e.m.c.i.e.AbstractTransferListenerAdapter - Downloading https://repo.maven.apache.org/maven2/org/codehaus/plexus/plexus-compiler-manager/2.8.4/plexus-compiler-manager-2.8.4.pom
2022-05-01 20:38:27,760 [Worker-23: Enabling Maven Dependency Management] INFO  o.e.m.c.i.e.AbstractTransferListenerAdapter - Downloaded https://repo.maven.apache.org/maven2/org/codehaus/plexus/plexus-compiler-manager/2.8.4/plexus-compiler-manager-2.8.4.pom
2022-05-01 20:38:27,787 [Worker-23: Enabling Maven Dependency Management] INFO  o.e.m.c.i.e.AbstractTransferListenerAdapter - Downloading https://repo.maven.apache.org/maven2/org/codehaus/plexus/plexus-compiler-javac/2.8.4/plexus-compiler-javac-2.8.4.pom
2022-05-01 20:38:27,862 [Worker-23: Enabling Maven Dependency Management] INFO  o.e.m.c.i.e.AbstractTransferListenerAdapter - Downloaded https://repo.maven.apache.org/maven2/org/codehaus/plexus/plexus-compiler-javac/2.8.4/plexus-compiler-javac-2.8.4.pom
2022-05-01 20:38:27,888 [Worker-23: Enabling Maven Dependency Management] INFO  o.e.m.c.i.e.AbstractTransferListenerAdapter - Downloading https://repo.maven.apache.org/maven2/org/codehaus/plexus/plexus-compilers/2.8.4/plexus-compilers-2.8.4.pom
2022-05-01 20:38:27,923 [Worker-23: Enabling Maven Dependency Management] INFO  o.e.m.c.i.e.AbstractTransferListenerAdapter - Downloaded https://repo.maven.apache.org/maven2/org/codehaus/plexus/plexus-compilers/2.8.4/plexus-compilers-2.8.4.pom
2022-05-01 20:38:27,955 [AetherRepositoryConnector-repo.maven.apache.org-0-1] INFO  o.e.m.c.i.e.AbstractTransferListenerAdapter - Downloading https://repo.maven.apache.org/maven2/org/codehaus/plexus/plexus-component-annotations/1.7.1/plexus-component-annotations-1.7.1.jar
2022-05-01 20:38:27,961 [AetherRepositoryConnector-repo.maven.apache.org-0-4] INFO  o.e.m.c.i.e.AbstractTransferListenerAdapter - Downloading https://repo.maven.apache.org/maven2/com/thoughtworks/qdox/qdox/2.0-M9/qdox-2.0-M9.jar
2022-05-01 20:38:28,045 [AetherRepositoryConnector-repo.maven.apache.org-0-3] INFO  o.e.m.c.i.e.AbstractTransferListenerAdapter - Downloading https://repo.maven.apache.org/maven2/commons-io/commons-io/2.5/commons-io-2.5.jar
2022-05-01 20:38:28,045 [AetherRepositoryConnector-repo.maven.apache.org-0-2] INFO  o.e.m.c.i.e.AbstractTransferListenerAdapter - Downloading https://repo.maven.apache.org/maven2/org/apache/maven/shared/maven-shared-utils/3.2.1/maven-shared-utils-3.2.1.jar
2022-05-01 20:38:28,064 [AetherRepositoryConnector-repo.maven.apache.org-0-0] INFO  o.e.m.c.i.e.AbstractTransferListenerAdapter - Downloading https://repo.maven.apache.org/maven2/org/codehaus/plexus/plexus-utils/2.0.4/plexus-utils-2.0.4.jar
2022-05-01 20:38:28,071 [AetherRepositoryConnector-repo.maven.apache.org-0-1] INFO  o.e.m.c.i.e.AbstractTransferListenerAdapter - Downloaded https://repo.maven.apache.org/maven2/org/codehaus/plexus/plexus-component-annotations/1.7.1/plexus-component-annotations-1.7.1.jar
2022-05-01 20:38:28,133 [AetherRepositoryConnector-repo.maven.apache.org-0-4] INFO  o.e.m.c.i.e.AbstractTransferListenerAdapter - Downloaded https://repo.maven.apache.org/maven2/com/thoughtworks/qdox/qdox/2.0-M9/qdox-2.0-M9.jar
2022-05-01 20:38:28,151 [AetherRepositoryConnector-repo.maven.apache.org-0-1] INFO  o.e.m.c.i.e.AbstractTransferListenerAdapter - Downloading https://repo.maven.apache.org/maven2/org/codehaus/plexus/plexus-compiler-api/2.8.4/plexus-compiler-api-2.8.4.jar
2022-05-01 20:38:28,189 [AetherRepositoryConnector-repo.maven.apache.org-0-4] INFO  o.e.m.c.i.e.AbstractTransferListenerAdapter - Downloading https://repo.maven.apache.org/maven2/org/codehaus/plexus/plexus-compiler-manager/2.8.4/plexus-compiler-manager-2.8.4.jar
2022-05-01 20:38:28,194 [AetherRepositoryConnector-repo.maven.apache.org-0-2] INFO  o.e.m.c.i.e.AbstractTransferListenerAdapter - Downloaded https://repo.maven.apache.org/maven2/org/apache/maven/shared/maven-shared-utils/3.2.1/maven-shared-utils-3.2.1.jar
2022-05-01 20:38:28,194 [AetherRepositoryConnector-repo.maven.apache.org-0-3] INFO  o.e.m.c.i.e.AbstractTransferListenerAdapter - Downloaded https://repo.maven.apache.org/maven2/commons-io/commons-io/2.5/commons-io-2.5.jar
2022-05-01 20:38:28,210 [AetherRepositoryConnector-repo.maven.apache.org-0-0] INFO  o.e.m.c.i.e.AbstractTransferListenerAdapter - Downloaded https://repo.maven.apache.org/maven2/org/codehaus/plexus/plexus-utils/2.0.4/plexus-utils-2.0.4.jar
2022-05-01 20:38:28,226 [AetherRepositoryConnector-repo.maven.apache.org-0-2] INFO  o.e.m.c.i.e.AbstractTransferListenerAdapter - Downloading https://repo.maven.apache.org/maven2/org/codehaus/plexus/plexus-compiler-javac/2.8.4/plexus-compiler-javac-2.8.4.jar
2022-05-01 20:38:28,245 [AetherRepositoryConnector-repo.maven.apache.org-0-4] INFO  o.e.m.c.i.e.AbstractTransferListenerAdapter - Downloaded https://repo.maven.apache.org/maven2/org/codehaus/plexus/plexus-compiler-manager/2.8.4/plexus-compiler-manager-2.8.4.jar
2022-05-01 20:38:28,251 [AetherRepositoryConnector-repo.maven.apache.org-0-1] INFO  o.e.m.c.i.e.AbstractTransferListenerAdapter - Downloaded https://repo.maven.apache.org/maven2/org/codehaus/plexus/plexus-compiler-api/2.8.4/plexus-compiler-api-2.8.4.jar
2022-05-01 20:38:28,312 [AetherRepositoryConnector-repo.maven.apache.org-0-2] INFO  o.e.m.c.i.e.AbstractTransferListenerAdapter - Downloaded https://repo.maven.apache.org/maven2/org/codehaus/plexus/plexus-compiler-javac/2.8.4/plexus-compiler-javac-2.8.4.jar
2022-05-01 20:38:28,716 [Worker-23: Enabling Maven Dependency Management] INFO  o.e.m.c.i.l.LifecycleMappingFactory - Using org.eclipse.m2e.jdt.JarLifecycleMapping lifecycle mapping for MavenProject: Prerequisite_OOP:Prerequisite_OOP:0.0.1-SNAPSHOT @ C:\Users\First\Desktop\Complete_Java_Certification_Course\Prerequisite OOP\pom.xml.
2022-05-01 20:38:29,633 [Worker-26: Building] WARN  o.e.m.c.i.embedder.EclipseLogger - Using platform encoding (Cp1252 actually) to copy filtered resources, i.e. build is platform dependent!
2022-05-01 20:38:29,634 [Worker-26: Building] INFO  o.e.m.c.i.embedder.EclipseLogger - skip non existing resourceDirectory C:\Users\First\Desktop\Complete_Java_Certification_Course\Prerequisite OOP\src\main\resources
2022-05-01 20:38:29,636 [Worker-26: Building] WARN  o.e.m.c.i.embedder.EclipseLogger - Using platform encoding (Cp1252 actually) to copy filtered resources, i.e. build is platform dependent!
2022-05-01 20:38:29,638 [Worker-26: Building] INFO  o.e.m.c.i.embedder.EclipseLogger - skip non existing resourceDirectory C:\Users\First\Desktop\Complete_Java_Certification_Course\Prerequisite OOP\src\test\resources
2022-05-01 20:38:29,648 [Worker-23: Enabling Maven Dependency Management] INFO  o.e.m.j.i.AbstractJavaProjectConfigurator - Adding source folder /Prerequisite OOP/src
2022-05-01 20:38:29,649 [Worker-23: Enabling Maven Dependency Management] INFO  o.e.m.j.i.AbstractJavaProjectConfigurator - Not adding source folder /Prerequisite OOP/src/test/java because it overlaps with /Prerequisite OOP/src
2022-05-01 20:38:29,829 [Worker-23: Enabling Maven Dependency Management] INFO  o.e.m.c.i.p.ProjectConfigurationManager - Update started
2022-05-01 20:38:30,088 [Worker-23: Enabling Maven Dependency Management] INFO  o.e.m.c.i.l.LifecycleMappingFactory - Using org.eclipse.m2e.jdt.JarLifecycleMapping lifecycle mapping for MavenProject: Prerequisite_OOP:Prerequisite_OOP:0.0.1-SNAPSHOT @ C:\Users\First\Desktop\Complete_Java_Certification_Course\Prerequisite OOP\pom.xml.
2022-05-01 20:38:30,247 [Worker-23: Enabling Maven Dependency Management] INFO  o.e.m.j.i.AbstractJavaProjectConfigurator - Adding source folder /Prerequisite OOP/src
2022-05-01 20:38:30,249 [Worker-23: Enabling Maven Dependency Management] INFO  o.e.m.j.i.AbstractJavaProjectConfigurator - Not adding source folder /Prerequisite OOP/src/test/java because it overlaps with /Prerequisite OOP/src
2022-05-01 20:38:30,275 [Worker-23: Enabling Maven Dependency Management] INFO  o.e.m.c.i.p.ProjectConfigurationManager - Update completed: 0 sec
2022-05-01 20:38:30,681 [Worker-27: Building] WARN  o.e.m.c.i.embedder.EclipseLogger - Using platform encoding (Cp1252 actually) to copy filtered resources, i.e. build is platform dependent!
2022-05-01 20:38:30,683 [Worker-27: Building] INFO  o.e.m.c.i.embedder.EclipseLogger - skip non existing resourceDirectory C:\Users\First\Desktop\Complete_Java_Certification_Course\Prerequisite OOP\src\main\resources
2022-05-01 20:38:30,684 [Worker-27: Building] WARN  o.e.m.c.i.embedder.EclipseLogger - Using platform encoding (Cp1252 actually) to copy filtered resources, i.e. build is platform dependent!
2022-05-01 20:38:30,685 [Worker-27: Building] INFO  o.e.m.c.i.embedder.EclipseLogger - skip non existing resourceDirectory C:\Users\First\Desktop\Complete_Java_Certification_Course\Prerequisite OOP\src\test\resources
2022-05-01 20:41:08,994 [Worker-27: Building] WARN  o.e.m.c.i.embedder.EclipseLogger - Using platform encoding (Cp1252 actually) to copy filtered resources, i.e. build is platform dependent!
2022-05-01 20:41:08,995 [Worker-27: Building] INFO  o.e.m.c.i.embedder.EclipseLogger - skip non existing resourceDirectory C:\Users\First\Desktop\Complete_Java_Certification_Course\Prerequisite OOP\src\main\resources
2022-05-01 20:41:08,996 [Worker-27: Building] WARN  o.e.m.c.i.embedder.EclipseLogger - Using platform encoding (Cp1252 actually) to copy filtered resources, i.e. build is platform dependent!
2022-05-01 20:41:08,996 [Worker-27: Building] INFO  o.e.m.c.i.embedder.EclipseLogger - skip non existing resourceDirectory C:\Users\First\Desktop\Complete_Java_Certification_Course\Prerequisite OOP\src\test\resources
2022-05-01 20:41:13,425 [Worker-27: Building] WARN  o.e.m.c.i.embedder.EclipseLogger - Using platform encoding (Cp1252 actually) to copy filtered resources, i.e. build is platform dependent!
2022-05-01 20:41:13,426 [Worker-27: Building] INFO  o.e.m.c.i.embedder.EclipseLogger - skip non existing resourceDirectory C:\Users\First\Desktop\Complete_Java_Certification_Course\Prerequisite OOP\src\main\resources
2022-05-01 20:41:13,427 [Worker-27: Building] WARN  o.e.m.c.i.embedder.EclipseLogger - Using platform encoding (Cp1252 actually) to copy filtered resources, i.e. build is platform dependent!
2022-05-01 20:41:13,429 [Worker-27: Building] INFO  o.e.m.c.i.embedder.EclipseLogger - skip non existing resourceDirectory C:\Users\First\Desktop\Complete_Java_Certification_Course\Prerequisite OOP\src\test\resources
2022-05-01 20:41:15,250 [Worker-28: Building] WARN  o.e.m.c.i.embedder.EclipseLogger - Using platform encoding (Cp1252 actually) to copy filtered resources, i.e. build is platform dependent!
2022-05-01 20:41:15,251 [Worker-28: Building] INFO  o.e.m.c.i.embedder.EclipseLogger - skip non existing resourceDirectory C:\Users\First\Desktop\Complete_Java_Certification_Course\Prerequisite OOP\src\main\resources
2022-05-01 20:41:15,253 [Worker-28: Building] WARN  o.e.m.c.i.embedder.EclipseLogger - Using platform encoding (Cp1252 actually) to copy filtered resources, i.e. build is platform dependent!
2022-05-01 20:41:15,254 [Worker-28: Building] INFO  o.e.m.c.i.embedder.EclipseLogger - skip non existing resourceDirectory C:\Users\First\Desktop\Complete_Java_Certification_Course\Prerequisite OOP\src\test\resources
2022-05-01 20:51:24,180 [Worker-29: Launching Earth] WARN  o.e.m.c.i.embedder.EclipseLogger - Using platform encoding (Cp1252 actually) to copy filtered resources, i.e. build is platform dependent!
2022-05-01 20:51:24,182 [Worker-29: Launching Earth] INFO  o.e.m.c.i.embedder.EclipseLogger - skip non existing resourceDirectory C:\Users\First\Desktop\Complete_Java_Certification_Course\Prerequisite OOP\src\main\resources
2022-05-01 20:51:24,184 [Worker-29: Launching Earth] WARN  o.e.m.c.i.embedder.EclipseLogger - Using platform encoding (Cp1252 actually) to copy filtered resources, i.e. build is platform dependent!
2022-05-01 20:51:24,186 [Worker-29: Launching Earth] INFO  o.e.m.c.i.embedder.EclipseLogger - skip non existing resourceDirectory C:\Users\First\Desktop\Complete_Java_Certification_Course\Prerequisite OOP\src\test\resources
2022-05-01 20:53:27,048 [Worker-30: Launching Earth] WARN  o.e.m.c.i.embedder.EclipseLogger - Using platform encoding (Cp1252 actually) to copy filtered resources, i.e. build is platform dependent!
2022-05-01 20:53:27,050 [Worker-30: Launching Earth] INFO  o.e.m.c.i.embedder.EclipseLogger - skip non existing resourceDirectory C:\Users\First\Desktop\Complete_Java_Certification_Course\Prerequisite OOP\src\main\resources
2022-05-01 20:53:27,052 [Worker-30: Launching Earth] WARN  o.e.m.c.i.embedder.EclipseLogger - Using platform encoding (Cp1252 actually) to copy filtered resources, i.e. build is platform dependent!
2022-05-01 20:53:27,053 [Worker-30: Launching Earth] INFO  o.e.m.c.i.embedder.EclipseLogger - skip non existing resourceDirectory C:\Users\First\Desktop\Complete_Java_Certification_Course\Prerequisite OOP\src\test\resources
2022-05-01 20:53:36,346 [Worker-31: Launching Earth] WARN  o.e.m.c.i.embedder.EclipseLogger - Using platform encoding (Cp1252 actually) to copy filtered resources, i.e. build is platform dependent!
2022-05-01 20:53:36,348 [Worker-31: Launching Earth] INFO  o.e.m.c.i.embedder.EclipseLogger - skip non existing resourceDirectory C:\Users\First\Desktop\Complete_Java_Certification_Course\Prerequisite OOP\src\main\resources
2022-05-01 20:53:36,350 [Worker-31: Launching Earth] WARN  o.e.m.c.i.embedder.EclipseLogger - Using platform encoding (Cp1252 actually) to copy filtered resources, i.e. build is platform dependent!
2022-05-01 20:53:36,352 [Worker-31: Launching Earth] INFO  o.e.m.c.i.embedder.EclipseLogger - skip non existing resourceDirectory C:\Users\First\Desktop\Complete_Java_Certification_Course\Prerequisite OOP\src\test\resources
2022-05-01 20:53:42,367 [Worker-29: Launching Earth] WARN  o.e.m.c.i.embedder.EclipseLogger - Using platform encoding (Cp1252 actually) to copy filtered resources, i.e. build is platform dependent!
2022-05-01 20:53:42,369 [Worker-29: Launching Earth] INFO  o.e.m.c.i.embedder.EclipseLogger - skip non existing resourceDirectory C:\Users\First\Desktop\Complete_Java_Certification_Course\Prerequisite OOP\src\main\resources
2022-05-01 20:53:42,373 [Worker-29: Launching Earth] WARN  o.e.m.c.i.embedder.EclipseLogger - Using platform encoding (Cp1252 actually) to copy filtered resources, i.e. build is platform dependent!
2022-05-01 20:53:42,375 [Worker-29: Launching Earth] INFO  o.e.m.c.i.embedder.EclipseLogger - skip non existing resourceDirectory C:\Users\First\Desktop\Complete_Java_Certification_Course\Prerequisite OOP\src\test\resources
2022-05-01 20:56:08,776 [Worker-32: Launching Earth] WARN  o.e.m.c.i.embedder.EclipseLogger - Using platform encoding (Cp1252 actually) to copy filtered resources, i.e. build is platform dependent!
2022-05-01 20:56:08,778 [Worker-32: Launching Earth] INFO  o.e.m.c.i.embedder.EclipseLogger - skip non existing resourceDirectory C:\Users\First\Desktop\Complete_Java_Certification_Course\Prerequisite OOP\src\main\resources
2022-05-01 20:56:08,780 [Worker-32: Launching Earth] WARN  o.e.m.c.i.embedder.EclipseLogger - Using platform encoding (Cp1252 actually) to copy filtered resources, i.e. build is platform dependent!
2022-05-01 20:56:08,781 [Worker-32: Launching Earth] INFO  o.e.m.c.i.embedder.EclipseLogger - skip non existing resourceDirectory C:\Users\First\Desktop\Complete_Java_Certification_Course\Prerequisite OOP\src\test\resources
2022-05-01 20:56:18,187 [Worker-34: Launching Earth] WARN  o.e.m.c.i.embedder.EclipseLogger - Using platform encoding (Cp1252 actually) to copy filtered resources, i.e. build is platform dependent!
2022-05-01 20:56:18,188 [Worker-34: Launching Earth] INFO  o.e.m.c.i.embedder.EclipseLogger - skip non existing resourceDirectory C:\Users\First\Desktop\Complete_Java_Certification_Course\Prerequisite OOP\src\main\resources
2022-05-01 20:56:18,190 [Worker-34: Launching Earth] WARN  o.e.m.c.i.embedder.EclipseLogger - Using platform encoding (Cp1252 actually) to copy filtered resources, i.e. build is platform dependent!
2022-05-01 20:56:18,191 [Worker-34: Launching Earth] INFO  o.e.m.c.i.embedder.EclipseLogger - skip non existing resourceDirectory C:\Users\First\Desktop\Complete_Java_Certification_Course\Prerequisite OOP\src\test\resources
2022-05-01 21:12:24,627 [Worker-39: Building Workspace] WARN  o.e.m.c.i.embedder.EclipseLogger - Using platform encoding (Cp1252 actually) to copy filtered resources, i.e. build is platform dependent!
2022-05-01 21:12:24,628 [Worker-39: Building Workspace] INFO  o.e.m.c.i.embedder.EclipseLogger - skip non existing resourceDirectory C:\Users\First\Desktop\Complete_Java_Certification_Course\Prerequisite OOP\src\main\resources
2022-05-01 21:12:24,629 [Worker-39: Building Workspace] WARN  o.e.m.c.i.embedder.EclipseLogger - Using platform encoding (Cp1252 actually) to copy filtered resources, i.e. build is platform dependent!
2022-05-01 21:12:24,630 [Worker-39: Building Workspace] INFO  o.e.m.c.i.embedder.EclipseLogger - skip non existing resourceDirectory C:\Users\First\Desktop\Complete_Java_Certification_Course\Prerequisite OOP\src\test\resources
2022-05-01 21:12:37,529 [Worker-38: Building] WARN  o.e.m.c.i.embedder.EclipseLogger - Using platform encoding (Cp1252 actually) to copy filtered resources, i.e. build is platform dependent!
2022-05-01 21:12:37,530 [Worker-38: Building] INFO  o.e.m.c.i.embedder.EclipseLogger - skip non existing resourceDirectory C:\Users\First\Desktop\Complete_Java_Certification_Course\Prerequisite OOP\src\main\resources
2022-05-01 21:12:37,532 [Worker-38: Building] WARN  o.e.m.c.i.embedder.EclipseLogger - Using platform encoding (Cp1252 actually) to copy filtered resources, i.e. build is platform dependent!
2022-05-01 21:12:37,533 [Worker-38: Building] INFO  o.e.m.c.i.embedder.EclipseLogger - skip non existing resourceDirectory C:\Users\First\Desktop\Complete_Java_Certification_Course\Prerequisite OOP\src\test\resources
2022-05-01 21:15:00,147 [Worker-41: Launching Earth] WARN  o.e.m.c.i.embedder.EclipseLogger - Using platform encoding (Cp1252 actually) to copy filtered resources, i.e. build is platform dependent!
2022-05-01 21:15:00,149 [Worker-41: Launching Earth] INFO  o.e.m.c.i.embedder.EclipseLogger - skip non existing resourceDirectory C:\Users\First\Desktop\Complete_Java_Certification_Course\Prerequisite OOP\src\main\resources
2022-05-01 21:15:00,151 [Worker-41: Launching Earth] WARN  o.e.m.c.i.embedder.EclipseLogger - Using platform encoding (Cp1252 actually) to copy filtered resources, i.e. build is platform dependent!
2022-05-01 21:15:00,153 [Worker-41: Launching Earth] INFO  o.e.m.c.i.embedder.EclipseLogger - skip non existing resourceDirectory C:\Users\First\Desktop\Complete_Java_Certification_Course\Prerequisite OOP\src\test\resources
2022-05-01 21:15:24,976 [Worker-42: Launching Earth] WARN  o.e.m.c.i.embedder.EclipseLogger - Using platform encoding (Cp1252 actually) to copy filtered resources, i.e. build is platform dependent!
2022-05-01 21:15:24,977 [Worker-42: Launching Earth] INFO  o.e.m.c.i.embedder.EclipseLogger - skip non existing resourceDirectory C:\Users\First\Desktop\Complete_Java_Certification_Course\Prerequisite OOP\src\main\resources
2022-05-01 21:15:24,979 [Worker-42: Launching Earth] WARN  o.e.m.c.i.embedder.EclipseLogger - Using platform encoding (Cp1252 actually) to copy filtered resources, i.e. build is platform dependent!
2022-05-01 21:15:24,980 [Worker-42: Launching Earth] INFO  o.e.m.c.i.embedder.EclipseLogger - skip non existing resourceDirectory C:\Users\First\Desktop\Complete_Java_Certification_Course\Prerequisite OOP\src\test\resources
2022-05-01 21:17:42,818 [Worker-42: Launching Earth] WARN  o.e.m.c.i.embedder.EclipseLogger - Using platform encoding (Cp1252 actually) to copy filtered resources, i.e. build is platform dependent!
2022-05-01 21:17:42,819 [Worker-42: Launching Earth] INFO  o.e.m.c.i.embedder.EclipseLogger - skip non existing resourceDirectory C:\Users\First\Desktop\Complete_Java_Certification_Course\Prerequisite OOP\src\main\resources
2022-05-01 21:17:42,822 [Worker-42: Launching Earth] WARN  o.e.m.c.i.embedder.EclipseLogger - Using platform encoding (Cp1252 actually) to copy filtered resources, i.e. build is platform dependent!
2022-05-01 21:17:42,824 [Worker-42: Launching Earth] INFO  o.e.m.c.i.embedder.EclipseLogger - skip non existing resourceDirectory C:\Users\First\Desktop\Complete_Java_Certification_Course\Prerequisite OOP\src\test\resources
2022-05-01 21:18:15,683 [Worker-39: Launching Earth] WARN  o.e.m.c.i.embedder.EclipseLogger - Using platform encoding (Cp1252 actually) to copy filtered resources, i.e. build is platform dependent!
2022-05-01 21:18:15,686 [Worker-39: Launching Earth] INFO  o.e.m.c.i.embedder.EclipseLogger - skip non existing resourceDirectory C:\Users\First\Desktop\Complete_Java_Certification_Course\Prerequisite OOP\src\main\resources
2022-05-01 21:18:15,688 [Worker-39: Launching Earth] WARN  o.e.m.c.i.embedder.EclipseLogger - Using platform encoding (Cp1252 actually) to copy filtered resources, i.e. build is platform dependent!
2022-05-01 21:18:15,689 [Worker-39: Launching Earth] INFO  o.e.m.c.i.embedder.EclipseLogger - skip non existing resourceDirectory C:\Users\First\Desktop\Complete_Java_Certification_Course\Prerequisite OOP\src\test\resources
2022-05-01 21:21:58,580 [Worker-44: Launching Earth] WARN  o.e.m.c.i.embedder.EclipseLogger - Using platform encoding (Cp1252 actually) to copy filtered resources, i.e. build is platform dependent!
2022-05-01 21:21:58,581 [Worker-44: Launching Earth] INFO  o.e.m.c.i.embedder.EclipseLogger - skip non existing resourceDirectory C:\Users\First\Desktop\Complete_Java_Certification_Course\Prerequisite OOP\src\main\resources
2022-05-01 21:21:58,583 [Worker-44: Launching Earth] WARN  o.e.m.c.i.embedder.EclipseLogger - Using platform encoding (Cp1252 actually) to copy filtered resources, i.e. build is platform dependent!
2022-05-01 21:21:58,585 [Worker-44: Launching Earth] INFO  o.e.m.c.i.embedder.EclipseLogger - skip non existing resourceDirectory C:\Users\First\Desktop\Complete_Java_Certification_Course\Prerequisite OOP\src\test\resources
2022-05-01 21:24:08,860 [Worker-45: Building] WARN  o.e.m.c.i.embedder.EclipseLogger - Using platform encoding (Cp1252 actually) to copy filtered resources, i.e. build is platform dependent!
2022-05-01 21:24:08,861 [Worker-45: Building] INFO  o.e.m.c.i.embedder.EclipseLogger - skip non existing resourceDirectory C:\Users\First\Desktop\Complete_Java_Certification_Course\Prerequisite OOP\src\main\resources
2022-05-01 21:24:08,862 [Worker-45: Building] WARN  o.e.m.c.i.embedder.EclipseLogger - Using platform encoding (Cp1252 actually) to copy filtered resources, i.e. build is platform dependent!
2022-05-01 21:24:08,863 [Worker-45: Building] INFO  o.e.m.c.i.embedder.EclipseLogger - skip non existing resourceDirectory C:\Users\First\Desktop\Complete_Java_Certification_Course\Prerequisite OOP\src\test\resources
2022-05-01 21:25:04,464 [Worker-41: Building] WARN  o.e.m.c.i.embedder.EclipseLogger - Using platform encoding (Cp1252 actually) to copy filtered resources, i.e. build is platform dependent!
2022-05-01 21:25:04,465 [Worker-41: Building] INFO  o.e.m.c.i.embedder.EclipseLogger - skip non existing resourceDirectory C:\Users\First\Desktop\Complete_Java_Certification_Course\Prerequisite OOP\src\main\resources
2022-05-01 21:25:04,466 [Worker-41: Building] WARN  o.e.m.c.i.embedder.EclipseLogger - Using platform encoding (Cp1252 actually) to copy filtered resources, i.e. build is platform dependent!
2022-05-01 21:25:04,467 [Worker-41: Building] INFO  o.e.m.c.i.embedder.EclipseLogger - skip non existing resourceDirectory C:\Users\First\Desktop\Complete_Java_Certification_Course\Prerequisite OOP\src\test\resources
2022-05-01 21:25:13,622 [Worker-41: Building Workspace] WARN  o.e.m.c.i.embedder.EclipseLogger - Using platform encoding (Cp1252 actually) to copy filtered resources, i.e. build is platform dependent!
2022-05-01 21:25:13,623 [Worker-41: Building Workspace] INFO  o.e.m.c.i.embedder.EclipseLogger - skip non existing resourceDirectory C:\Users\First\Desktop\Complete_Java_Certification_Course\Prerequisite OOP\src\main\resources
2022-05-01 21:25:13,625 [Worker-41: Building Workspace] WARN  o.e.m.c.i.embedder.EclipseLogger - Using platform encoding (Cp1252 actually) to copy filtered resources, i.e. build is platform dependent!
2022-05-01 21:25:13,626 [Worker-41: Building Workspace] INFO  o.e.m.c.i.embedder.EclipseLogger - skip non existing resourceDirectory C:\Users\First\Desktop\Complete_Java_Certification_Course\Prerequisite OOP\src\test\resources
2022-05-01 21:25:19,055 [Worker-45: Building] WARN  o.e.m.c.i.embedder.EclipseLogger - Using platform encoding (Cp1252 actually) to copy filtered resources, i.e. build is platform dependent!
2022-05-01 21:25:19,056 [Worker-45: Building] INFO  o.e.m.c.i.embedder.EclipseLogger - skip non existing resourceDirectory C:\Users\First\Desktop\Complete_Java_Certification_Course\Prerequisite OOP\src\main\resources
2022-05-01 21:25:19,057 [Worker-45: Building] WARN  o.e.m.c.i.embedder.EclipseLogger - Using platform encoding (Cp1252 actually) to copy filtered resources, i.e. build is platform dependent!
2022-05-01 21:25:19,058 [Worker-45: Building] INFO  o.e.m.c.i.embedder.EclipseLogger - skip non existing resourceDirectory C:\Users\First\Desktop\Complete_Java_Certification_Course\Prerequisite OOP\src\test\resources
2022-05-01 21:25:28,063 [Worker-46: Building] WARN  o.e.m.c.i.embedder.EclipseLogger - Using platform encoding (Cp1252 actually) to copy filtered resources, i.e. build is platform dependent!
2022-05-01 21:25:28,064 [Worker-46: Building] INFO  o.e.m.c.i.embedder.EclipseLogger - skip non existing resourceDirectory C:\Users\First\Desktop\Complete_Java_Certification_Course\Prerequisite OOP\src\main\resources
2022-05-01 21:25:28,066 [Worker-46: Building] WARN  o.e.m.c.i.embedder.EclipseLogger - Using platform encoding (Cp1252 actually) to copy filtered resources, i.e. build is platform dependent!
2022-05-01 21:25:28,069 [Worker-46: Building] INFO  o.e.m.c.i.embedder.EclipseLogger - skip non existing resourceDirectory C:\Users\First\Desktop\Complete_Java_Certification_Course\Prerequisite OOP\src\test\resources
2022-05-01 21:25:39,604 [Worker-46: Building] WARN  o.e.m.c.i.embedder.EclipseLogger - Using platform encoding (Cp1252 actually) to copy filtered resources, i.e. build is platform dependent!
2022-05-01 21:25:39,608 [Worker-46: Building] INFO  o.e.m.c.i.embedder.EclipseLogger - skip non existing resourceDirectory C:\Users\First\Desktop\Complete_Java_Certification_Course\Prerequisite OOP\src\main\resources
2022-05-01 21:25:39,612 [Worker-46: Building] WARN  o.e.m.c.i.embedder.EclipseLogger - Using platform encoding (Cp1252 actually) to copy filtered resources, i.e. build is platform dependent!
2022-05-01 21:25:39,613 [Worker-46: Building] INFO  o.e.m.c.i.embedder.EclipseLogger - skip non existing resourceDirectory C:\Users\First\Desktop\Complete_Java_Certification_Course\Prerequisite OOP\src\test\resources
2022-05-01 21:37:12,582 [Worker-47: Launching Zoo] WARN  o.e.m.c.i.embedder.EclipseLogger - Using platform encoding (Cp1252 actually) to copy filtered resources, i.e. build is platform dependent!
2022-05-01 21:37:12,584 [Worker-47: Launching Zoo] INFO  o.e.m.c.i.embedder.EclipseLogger - skip non existing resourceDirectory C:\Users\First\Desktop\Complete_Java_Certification_Course\Prerequisite OOP\src\main\resources
2022-05-01 21:37:12,586 [Worker-47: Launching Zoo] WARN  o.e.m.c.i.embedder.EclipseLogger - Using platform encoding (Cp1252 actually) to copy filtered resources, i.e. build is platform dependent!
2022-05-01 21:37:12,587 [Worker-47: Launching Zoo] INFO  o.e.m.c.i.embedder.EclipseLogger - skip non existing resourceDirectory C:\Users\First\Desktop\Complete_Java_Certification_Course\Prerequisite OOP\src\test\resources
2022-05-01 21:37:58,397 [Worker-43: Launching Zoo] WARN  o.e.m.c.i.embedder.EclipseLogger - Using platform encoding (Cp1252 actually) to copy filtered resources, i.e. build is platform dependent!
2022-05-01 21:37:58,398 [Worker-43: Launching Zoo] INFO  o.e.m.c.i.embedder.EclipseLogger - skip non existing resourceDirectory C:\Users\First\Desktop\Complete_Java_Certification_Course\Prerequisite OOP\src\main\resources
2022-05-01 21:37:58,400 [Worker-43: Launching Zoo] WARN  o.e.m.c.i.embedder.EclipseLogger - Using platform encoding (Cp1252 actually) to copy filtered resources, i.e. build is platform dependent!
2022-05-01 21:37:58,402 [Worker-43: Launching Zoo] INFO  o.e.m.c.i.embedder.EclipseLogger - skip non existing resourceDirectory C:\Users\First\Desktop\Complete_Java_Certification_Course\Prerequisite OOP\src\test\resources
2022-05-01 21:38:56,773 [Worker-49: Launching Zoo] WARN  o.e.m.c.i.embedder.EclipseLogger - Using platform encoding (Cp1252 actually) to copy filtered resources, i.e. build is platform dependent!
2022-05-01 21:38:56,775 [Worker-49: Launching Zoo] INFO  o.e.m.c.i.embedder.EclipseLogger - skip non existing resourceDirectory C:\Users\First\Desktop\Complete_Java_Certification_Course\Prerequisite OOP\src\main\resources
2022-05-01 21:38:56,778 [Worker-49: Launching Zoo] WARN  o.e.m.c.i.embedder.EclipseLogger - Using platform encoding (Cp1252 actually) to copy filtered resources, i.e. build is platform dependent!
2022-05-01 21:38:56,779 [Worker-49: Launching Zoo] INFO  o.e.m.c.i.embedder.EclipseLogger - skip non existing resourceDirectory C:\Users\First\Desktop\Complete_Java_Certification_Course\Prerequisite OOP\src\test\resources
2022-05-01 21:39:13,922 [Worker-46: Launching Zoo] WARN  o.e.m.c.i.embedder.EclipseLogger - Using platform encoding (Cp1252 actually) to copy filtered resources, i.e. build is platform dependent!
2022-05-01 21:39:13,923 [Worker-46: Launching Zoo] INFO  o.e.m.c.i.embedder.EclipseLogger - skip non existing resourceDirectory C:\Users\First\Desktop\Complete_Java_Certification_Course\Prerequisite OOP\src\main\resources
2022-05-01 21:39:13,924 [Worker-46: Launching Zoo] WARN  o.e.m.c.i.embedder.EclipseLogger - Using platform encoding (Cp1252 actually) to copy filtered resources, i.e. build is platform dependent!
2022-05-01 21:39:13,926 [Worker-46: Launching Zoo] INFO  o.e.m.c.i.embedder.EclipseLogger - skip non existing resourceDirectory C:\Users\First\Desktop\Complete_Java_Certification_Course\Prerequisite OOP\src\test\resources
2022-05-01 21:39:38,247 [Worker-49: Building] WARN  o.e.m.c.i.embedder.EclipseLogger - Using platform encoding (Cp1252 actually) to copy filtered resources, i.e. build is platform dependent!
2022-05-01 21:39:38,248 [Worker-49: Building] INFO  o.e.m.c.i.embedder.EclipseLogger - skip non existing resourceDirectory C:\Users\First\Desktop\Complete_Java_Certification_Course\Prerequisite OOP\src\main\resources
2022-05-01 21:39:38,249 [Worker-49: Building] WARN  o.e.m.c.i.embedder.EclipseLogger - Using platform encoding (Cp1252 actually) to copy filtered resources, i.e. build is platform dependent!
2022-05-01 21:39:38,250 [Worker-49: Building] INFO  o.e.m.c.i.embedder.EclipseLogger - skip non existing resourceDirectory C:\Users\First\Desktop\Complete_Java_Certification_Course\Prerequisite OOP\src\test\resources
2022-05-01 21:49:36,835 [Worker-46: Launching Zoo] WARN  o.e.m.c.i.embedder.EclipseLogger - Using platform encoding (Cp1252 actually) to copy filtered resources, i.e. build is platform dependent!
2022-05-01 21:49:36,837 [Worker-46: Launching Zoo] INFO  o.e.m.c.i.embedder.EclipseLogger - skip non existing resourceDirectory C:\Users\First\Desktop\Complete_Java_Certification_Course\Prerequisite OOP\src\main\resources
2022-05-01 21:49:36,838 [Worker-46: Launching Zoo] WARN  o.e.m.c.i.embedder.EclipseLogger - Using platform encoding (Cp1252 actually) to copy filtered resources, i.e. build is platform dependent!
2022-05-01 21:49:36,839 [Worker-46: Launching Zoo] INFO  o.e.m.c.i.embedder.EclipseLogger - skip non existing resourceDirectory C:\Users\First\Desktop\Complete_Java_Certification_Course\Prerequisite OOP\src\test\resources
2022-05-01 22:03:37,097 [Worker-49: Building] WARN  o.e.m.c.i.embedder.EclipseLogger - Using platform encoding (Cp1252 actually) to copy filtered resources, i.e. build is platform dependent!
2022-05-01 22:03:37,098 [Worker-49: Building] INFO  o.e.m.c.i.embedder.EclipseLogger - skip non existing resourceDirectory C:\Users\First\Desktop\Complete_Java_Certification_Course\Prerequisite OOP\src\main\resources
2022-05-01 22:03:37,099 [Worker-49: Building] WARN  o.e.m.c.i.embedder.EclipseLogger - Using platform encoding (Cp1252 actually) to copy filtered resources, i.e. build is platform dependent!
2022-05-01 22:03:37,100 [Worker-49: Building] INFO  o.e.m.c.i.embedder.EclipseLogger - skip non existing resourceDirectory C:\Users\First\Desktop\Complete_Java_Certification_Course\Prerequisite OOP\src\test\resources
2022-05-01 22:06:09,655 [Worker-49: Launching Zoo] WARN  o.e.m.c.i.embedder.EclipseLogger - Using platform encoding (Cp1252 actually) to copy filtered resources, i.e. build is platform dependent!
2022-05-01 22:06:09,657 [Worker-49: Launching Zoo] INFO  o.e.m.c.i.embedder.EclipseLogger - skip non existing resourceDirectory C:\Users\First\Desktop\Complete_Java_Certification_Course\Prerequisite OOP\src\main\resources
2022-05-01 22:06:09,661 [Worker-49: Launching Zoo] WARN  o.e.m.c.i.embedder.EclipseLogger - Using platform encoding (Cp1252 actually) to copy filtered resources, i.e. build is platform dependent!
2022-05-01 22:06:09,663 [Worker-49: Launching Zoo] INFO  o.e.m.c.i.embedder.EclipseLogger - skip non existing resourceDirectory C:\Users\First\Desktop\Complete_Java_Certification_Course\Prerequisite OOP\src\test\resources
2022-05-01 22:09:10,890 [Worker-54: Launching Zoo] WARN  o.e.m.c.i.embedder.EclipseLogger - Using platform encoding (Cp1252 actually) to copy filtered resources, i.e. build is platform dependent!
2022-05-01 22:09:10,893 [Worker-54: Launching Zoo] INFO  o.e.m.c.i.embedder.EclipseLogger - skip non existing resourceDirectory C:\Users\First\Desktop\Complete_Java_Certification_Course\Prerequisite OOP\src\main\resources
2022-05-01 22:09:10,894 [Worker-54: Launching Zoo] WARN  o.e.m.c.i.embedder.EclipseLogger - Using platform encoding (Cp1252 actually) to copy filtered resources, i.e. build is platform dependent!
2022-05-01 22:09:10,895 [Worker-54: Launching Zoo] INFO  o.e.m.c.i.embedder.EclipseLogger - skip non existing resourceDirectory C:\Users\First\Desktop\Complete_Java_Certification_Course\Prerequisite OOP\src\test\resources
2022-05-01 22:16:08,739 [Worker-52: Launching Zoo] WARN  o.e.m.c.i.embedder.EclipseLogger - Using platform encoding (Cp1252 actually) to copy filtered resources, i.e. build is platform dependent!
2022-05-01 22:16:08,740 [Worker-52: Launching Zoo] INFO  o.e.m.c.i.embedder.EclipseLogger - skip non existing resourceDirectory C:\Users\First\Desktop\Complete_Java_Certification_Course\Prerequisite OOP\src\main\resources
2022-05-01 22:16:08,742 [Worker-52: Launching Zoo] WARN  o.e.m.c.i.embedder.EclipseLogger - Using platform encoding (Cp1252 actually) to copy filtered resources, i.e. build is platform dependent!
2022-05-01 22:16:08,743 [Worker-52: Launching Zoo] INFO  o.e.m.c.i.embedder.EclipseLogger - skip non existing resourceDirectory C:\Users\First\Desktop\Complete_Java_Certification_Course\Prerequisite OOP\src\test\resources
2022-05-01 22:17:31,783 [Worker-56: Launching Zoo] WARN  o.e.m.c.i.embedder.EclipseLogger - Using platform encoding (Cp1252 actually) to copy filtered resources, i.e. build is platform dependent!
2022-05-01 22:17:31,785 [Worker-56: Launching Zoo] INFO  o.e.m.c.i.embedder.EclipseLogger - skip non existing resourceDirectory C:\Users\First\Desktop\Complete_Java_Certification_Course\Prerequisite OOP\src\main\resources
2022-05-01 22:17:31,786 [Worker-56: Launching Zoo] WARN  o.e.m.c.i.embedder.EclipseLogger - Using platform encoding (Cp1252 actually) to copy filtered resources, i.e. build is platform dependent!
2022-05-01 22:17:31,787 [Worker-56: Launching Zoo] INFO  o.e.m.c.i.embedder.EclipseLogger - skip non existing resourceDirectory C:\Users\First\Desktop\Complete_Java_Certification_Course\Prerequisite OOP\src\test\resources
2022-05-01 22:18:10,994 [Worker-54: Launching Zoo] WARN  o.e.m.c.i.embedder.EclipseLogger - Using platform encoding (Cp1252 actually) to copy filtered resources, i.e. build is platform dependent!
2022-05-01 22:18:10,995 [Worker-54: Launching Zoo] INFO  o.e.m.c.i.embedder.EclipseLogger - skip non existing resourceDirectory C:\Users\First\Desktop\Complete_Java_Certification_Course\Prerequisite OOP\src\main\resources
2022-05-01 22:18:10,997 [Worker-54: Launching Zoo] WARN  o.e.m.c.i.embedder.EclipseLogger - Using platform encoding (Cp1252 actually) to copy filtered resources, i.e. build is platform dependent!
2022-05-01 22:18:10,998 [Worker-54: Launching Zoo] INFO  o.e.m.c.i.embedder.EclipseLogger - skip non existing resourceDirectory C:\Users\First\Desktop\Complete_Java_Certification_Course\Prerequisite OOP\src\test\resources
2022-05-02 18:09:36,373 [Worker-3: Loading available Gradle versions] INFO  o.e.b.c.i.u.g.PublishedGradleVersions - Gradle version information cache is up-to-date. Trying to read.
2022-05-02 19:16:23,749 [Worker-27: Building] WARN  o.e.m.c.i.embedder.EclipseLogger - Using platform encoding (Cp1252 actually) to copy filtered resources, i.e. build is platform dependent!
2022-05-02 19:16:23,753 [Worker-27: Building] INFO  o.e.m.c.i.embedder.EclipseLogger - skip non existing resourceDirectory C:\Users\First\Desktop\Complete_Java_Certification_Course\Prerequisite OOP\src\main\resources
2022-05-02 19:16:23,755 [Worker-27: Building] WARN  o.e.m.c.i.embedder.EclipseLogger - Using platform encoding (Cp1252 actually) to copy filtered resources, i.e. build is platform dependent!
2022-05-02 19:16:23,756 [Worker-27: Building] INFO  o.e.m.c.i.embedder.EclipseLogger - skip non existing resourceDirectory C:\Users\First\Desktop\Complete_Java_Certification_Course\Prerequisite OOP\src\test\resources
2022-05-02 19:16:45,015 [Worker-26: Building Workspace] WARN  o.e.m.c.i.embedder.EclipseLogger - Using platform encoding (Cp1252 actually) to copy filtered resources, i.e. build is platform dependent!
2022-05-02 19:16:45,016 [Worker-26: Building Workspace] INFO  o.e.m.c.i.embedder.EclipseLogger - skip non existing resourceDirectory C:\Users\First\Desktop\Complete_Java_Certification_Course\Prerequisite OOP\src\main\resources
2022-05-02 19:16:45,018 [Worker-26: Building Workspace] WARN  o.e.m.c.i.embedder.EclipseLogger - Using platform encoding (Cp1252 actually) to copy filtered resources, i.e. build is platform dependent!
2022-05-02 19:16:45,019 [Worker-26: Building Workspace] INFO  o.e.m.c.i.embedder.EclipseLogger - skip non existing resourceDirectory C:\Users\First\Desktop\Complete_Java_Certification_Course\Prerequisite OOP\src\test\resources
2022-05-02 19:16:51,927 [Worker-26: Building] WARN  o.e.m.c.i.embedder.EclipseLogger - Using platform encoding (Cp1252 actually) to copy filtered resources, i.e. build is platform dependent!
2022-05-02 19:16:51,928 [Worker-26: Building] INFO  o.e.m.c.i.embedder.EclipseLogger - skip non existing resourceDirectory C:\Users\First\Desktop\Complete_Java_Certification_Course\Prerequisite OOP\src\main\resources
2022-05-02 19:16:51,931 [Worker-26: Building] WARN  o.e.m.c.i.embedder.EclipseLogger - Using platform encoding (Cp1252 actually) to copy filtered resources, i.e. build is platform dependent!
2022-05-02 19:16:51,932 [Worker-26: Building] INFO  o.e.m.c.i.embedder.EclipseLogger - skip non existing resourceDirectory C:\Users\First\Desktop\Complete_Java_Certification_Course\Prerequisite OOP\src\test\resources
2022-05-02 19:17:00,886 [Worker-25: Building] WARN  o.e.m.c.i.embedder.EclipseLogger - Using platform encoding (Cp1252 actually) to copy filtered resources, i.e. build is platform dependent!
2022-05-02 19:17:00,891 [Worker-25: Building] INFO  o.e.m.c.i.embedder.EclipseLogger - skip non existing resourceDirectory C:\Users\First\Desktop\Complete_Java_Certification_Course\Prerequisite OOP\src\main\resources
2022-05-02 19:17:00,900 [Worker-25: Building] WARN  o.e.m.c.i.embedder.EclipseLogger - Using platform encoding (Cp1252 actually) to copy filtered resources, i.e. build is platform dependent!
2022-05-02 19:17:00,901 [Worker-25: Building] INFO  o.e.m.c.i.embedder.EclipseLogger - skip non existing resourceDirectory C:\Users\First\Desktop\Complete_Java_Certification_Course\Prerequisite OOP\src\test\resources
2022-05-02 19:17:08,439 [Worker-25: Building] WARN  o.e.m.c.i.embedder.EclipseLogger - Using platform encoding (Cp1252 actually) to copy filtered resources, i.e. build is platform dependent!
2022-05-02 19:17:08,440 [Worker-25: Building] INFO  o.e.m.c.i.embedder.EclipseLogger - skip non existing resourceDirectory C:\Users\First\Desktop\Complete_Java_Certification_Course\Prerequisite OOP\src\main\resources
2022-05-02 19:17:08,442 [Worker-25: Building] WARN  o.e.m.c.i.embedder.EclipseLogger - Using platform encoding (Cp1252 actually) to copy filtered resources, i.e. build is platform dependent!
2022-05-02 19:17:08,443 [Worker-25: Building] INFO  o.e.m.c.i.embedder.EclipseLogger - skip non existing resourceDirectory C:\Users\First\Desktop\Complete_Java_Certification_Course\Prerequisite OOP\src\test\resources
2022-05-02 19:17:27,906 [Worker-27: Building] WARN  o.e.m.c.i.embedder.EclipseLogger - Using platform encoding (Cp1252 actually) to copy filtered resources, i.e. build is platform dependent!
2022-05-02 19:17:27,908 [Worker-27: Building] INFO  o.e.m.c.i.embedder.EclipseLogger - skip non existing resourceDirectory C:\Users\First\Desktop\Complete_Java_Certification_Course\Prerequisite OOP\src\main\resources
2022-05-02 19:17:27,911 [Worker-27: Building] WARN  o.e.m.c.i.embedder.EclipseLogger - Using platform encoding (Cp1252 actually) to copy filtered resources, i.e. build is platform dependent!
2022-05-02 19:17:27,915 [Worker-27: Building] INFO  o.e.m.c.i.embedder.EclipseLogger - skip non existing resourceDirectory C:\Users\First\Desktop\Complete_Java_Certification_Course\Prerequisite OOP\src\test\resources
2022-05-02 19:17:44,430 [Worker-9: Building] WARN  o.e.m.c.i.embedder.EclipseLogger - Using platform encoding (Cp1252 actually) to copy filtered resources, i.e. build is platform dependent!
2022-05-02 19:17:44,431 [Worker-9: Building] INFO  o.e.m.c.i.embedder.EclipseLogger - skip non existing resourceDirectory C:\Users\First\Desktop\Complete_Java_Certification_Course\Prerequisite OOP\src\main\resources
2022-05-02 19:17:44,437 [Worker-9: Building] WARN  o.e.m.c.i.embedder.EclipseLogger - Using platform encoding (Cp1252 actually) to copy filtered resources, i.e. build is platform dependent!
2022-05-02 19:17:44,441 [Worker-9: Building] INFO  o.e.m.c.i.embedder.EclipseLogger - skip non existing resourceDirectory C:\Users\First\Desktop\Complete_Java_Certification_Course\Prerequisite OOP\src\test\resources
2022-05-02 19:22:26,175 [Worker-9: Launching Zoo] WARN  o.e.m.c.i.embedder.EclipseLogger - Using platform encoding (Cp1252 actually) to copy filtered resources, i.e. build is platform dependent!
2022-05-02 19:22:26,177 [Worker-9: Launching Zoo] INFO  o.e.m.c.i.embedder.EclipseLogger - skip non existing resourceDirectory C:\Users\First\Desktop\Complete_Java_Certification_Course\Prerequisite OOP\src\main\resources
2022-05-02 19:22:26,181 [Worker-9: Launching Zoo] WARN  o.e.m.c.i.embedder.EclipseLogger - Using platform encoding (Cp1252 actually) to copy filtered resources, i.e. build is platform dependent!
2022-05-02 19:22:26,183 [Worker-9: Launching Zoo] INFO  o.e.m.c.i.embedder.EclipseLogger - skip non existing resourceDirectory C:\Users\First\Desktop\Complete_Java_Certification_Course\Prerequisite OOP\src\test\resources
2022-05-02 19:23:06,746 [Worker-28: Launching Zoo (1)] WARN  o.e.m.c.i.embedder.EclipseLogger - Using platform encoding (Cp1252 actually) to copy filtered resources, i.e. build is platform dependent!
2022-05-02 19:23:06,747 [Worker-28: Launching Zoo (1)] INFO  o.e.m.c.i.embedder.EclipseLogger - skip non existing resourceDirectory C:\Users\First\Desktop\Complete_Java_Certification_Course\Prerequisite OOP\src\main\resources
2022-05-02 19:23:06,749 [Worker-28: Launching Zoo (1)] WARN  o.e.m.c.i.embedder.EclipseLogger - Using platform encoding (Cp1252 actually) to copy filtered resources, i.e. build is platform dependent!
2022-05-02 19:23:06,751 [Worker-28: Launching Zoo (1)] INFO  o.e.m.c.i.embedder.EclipseLogger - skip non existing resourceDirectory C:\Users\First\Desktop\Complete_Java_Certification_Course\Prerequisite OOP\src\test\resources
2022-05-02 19:38:03,224 [Worker-39: Building] WARN  o.e.m.c.i.embedder.EclipseLogger - Using platform encoding (Cp1252 actually) to copy filtered resources, i.e. build is platform dependent!
2022-05-02 19:38:03,224 [Worker-39: Building] INFO  o.e.m.c.i.embedder.EclipseLogger - skip non existing resourceDirectory C:\Users\First\Desktop\Complete_Java_Certification_Course\Prerequisite OOP\src\main\resources
2022-05-02 19:38:03,226 [Worker-39: Building] WARN  o.e.m.c.i.embedder.EclipseLogger - Using platform encoding (Cp1252 actually) to copy filtered resources, i.e. build is platform dependent!
2022-05-02 19:38:03,227 [Worker-39: Building] INFO  o.e.m.c.i.embedder.EclipseLogger - skip non existing resourceDirectory C:\Users\First\Desktop\Complete_Java_Certification_Course\Prerequisite OOP\src\test\resources
2022-05-02 19:38:44,109 [Worker-37: Building] WARN  o.e.m.c.i.embedder.EclipseLogger - Using platform encoding (Cp1252 actually) to copy filtered resources, i.e. build is platform dependent!
2022-05-02 19:38:44,110 [Worker-37: Building] INFO  o.e.m.c.i.embedder.EclipseLogger - skip non existing resourceDirectory C:\Users\First\Desktop\Complete_Java_Certification_Course\Prerequisite OOP\src\main\resources
2022-05-02 19:38:44,113 [Worker-37: Building] WARN  o.e.m.c.i.embedder.EclipseLogger - Using platform encoding (Cp1252 actually) to copy filtered resources, i.e. build is platform dependent!
2022-05-02 19:38:44,117 [Worker-37: Building] INFO  o.e.m.c.i.embedder.EclipseLogger - skip non existing resourceDirectory C:\Users\First\Desktop\Complete_Java_Certification_Course\Prerequisite OOP\src\test\resources
2022-05-02 19:43:45,761 [Worker-3: Launching Zoo (1)] WARN  o.e.m.c.i.embedder.EclipseLogger - Using platform encoding (Cp1252 actually) to copy filtered resources, i.e. build is platform dependent!
2022-05-02 19:43:45,763 [Worker-3: Launching Zoo (1)] INFO  o.e.m.c.i.embedder.EclipseLogger - skip non existing resourceDirectory C:\Users\First\Desktop\Complete_Java_Certification_Course\Prerequisite OOP\src\main\resources
2022-05-02 19:43:45,765 [Worker-3: Launching Zoo (1)] WARN  o.e.m.c.i.embedder.EclipseLogger - Using platform encoding (Cp1252 actually) to copy filtered resources, i.e. build is platform dependent!
2022-05-02 19:43:45,767 [Worker-3: Launching Zoo (1)] INFO  o.e.m.c.i.embedder.EclipseLogger - skip non existing resourceDirectory C:\Users\First\Desktop\Complete_Java_Certification_Course\Prerequisite OOP\src\test\resources
2022-05-02 19:44:05,956 [Worker-3: Launching Zoo (1)] WARN  o.e.m.c.i.embedder.EclipseLogger - Using platform encoding (Cp1252 actually) to copy filtered resources, i.e. build is platform dependent!
2022-05-02 19:44:05,957 [Worker-3: Launching Zoo (1)] INFO  o.e.m.c.i.embedder.EclipseLogger - skip non existing resourceDirectory C:\Users\First\Desktop\Complete_Java_Certification_Course\Prerequisite OOP\src\main\resources
2022-05-02 19:44:05,959 [Worker-3: Launching Zoo (1)] WARN  o.e.m.c.i.embedder.EclipseLogger - Using platform encoding (Cp1252 actually) to copy filtered resources, i.e. build is platform dependent!
2022-05-02 19:44:05,960 [Worker-3: Launching Zoo (1)] INFO  o.e.m.c.i.embedder.EclipseLogger - skip non existing resourceDirectory C:\Users\First\Desktop\Complete_Java_Certification_Course\Prerequisite OOP\src\test\resources
2022-05-02 19:46:00,543 [Worker-40: Launching Zoo (1)] WARN  o.e.m.c.i.embedder.EclipseLogger - Using platform encoding (Cp1252 actually) to copy filtered resources, i.e. build is platform dependent!
2022-05-02 19:46:00,545 [Worker-40: Launching Zoo (1)] INFO  o.e.m.c.i.embedder.EclipseLogger - skip non existing resourceDirectory C:\Users\First\Desktop\Complete_Java_Certification_Course\Prerequisite OOP\src\main\resources
2022-05-02 19:46:00,547 [Worker-40: Launching Zoo (1)] WARN  o.e.m.c.i.embedder.EclipseLogger - Using platform encoding (Cp1252 actually) to copy filtered resources, i.e. build is platform dependent!
2022-05-02 19:46:00,548 [Worker-40: Launching Zoo (1)] INFO  o.e.m.c.i.embedder.EclipseLogger - skip non existing resourceDirectory C:\Users\First\Desktop\Complete_Java_Certification_Course\Prerequisite OOP\src\test\resources
2022-05-02 19:47:11,469 [Worker-3: Building] WARN  o.e.m.c.i.embedder.EclipseLogger - Using platform encoding (Cp1252 actually) to copy filtered resources, i.e. build is platform dependent!
2022-05-02 19:47:11,471 [Worker-3: Building] INFO  o.e.m.c.i.embedder.EclipseLogger - skip non existing resourceDirectory C:\Users\First\Desktop\Complete_Java_Certification_Course\Prerequisite OOP\src\main\resources
2022-05-02 19:47:11,473 [Worker-3: Building] WARN  o.e.m.c.i.embedder.EclipseLogger - Using platform encoding (Cp1252 actually) to copy filtered resources, i.e. build is platform dependent!
2022-05-02 19:47:11,477 [Worker-3: Building] INFO  o.e.m.c.i.embedder.EclipseLogger - skip non existing resourceDirectory C:\Users\First\Desktop\Complete_Java_Certification_Course\Prerequisite OOP\src\test\resources
2022-05-02 19:47:40,550 [Worker-41: Building] WARN  o.e.m.c.i.embedder.EclipseLogger - Using platform encoding (Cp1252 actually) to copy filtered resources, i.e. build is platform dependent!
2022-05-02 19:47:40,550 [Worker-41: Building] INFO  o.e.m.c.i.embedder.EclipseLogger - skip non existing resourceDirectory C:\Users\First\Desktop\Complete_Java_Certification_Course\Prerequisite OOP\src\main\resources
2022-05-02 19:47:40,560 [Worker-41: Building] WARN  o.e.m.c.i.embedder.EclipseLogger - Using platform encoding (Cp1252 actually) to copy filtered resources, i.e. build is platform dependent!
2022-05-02 19:47:40,561 [Worker-41: Building] INFO  o.e.m.c.i.embedder.EclipseLogger - skip non existing resourceDirectory C:\Users\First\Desktop\Complete_Java_Certification_Course\Prerequisite OOP\src\test\resources
2022-05-02 19:47:51,433 [Worker-40: Building] WARN  o.e.m.c.i.embedder.EclipseLogger - Using platform encoding (Cp1252 actually) to copy filtered resources, i.e. build is platform dependent!
2022-05-02 19:47:51,434 [Worker-40: Building] INFO  o.e.m.c.i.embedder.EclipseLogger - skip non existing resourceDirectory C:\Users\First\Desktop\Complete_Java_Certification_Course\Prerequisite OOP\src\main\resources
2022-05-02 19:47:51,436 [Worker-40: Building] WARN  o.e.m.c.i.embedder.EclipseLogger - Using platform encoding (Cp1252 actually) to copy filtered resources, i.e. build is platform dependent!
2022-05-02 19:47:51,439 [Worker-40: Building] INFO  o.e.m.c.i.embedder.EclipseLogger - skip non existing resourceDirectory C:\Users\First\Desktop\Complete_Java_Certification_Course\Prerequisite OOP\src\test\resources
2022-05-02 19:49:55,931 [Worker-39: Building] WARN  o.e.m.c.i.embedder.EclipseLogger - Using platform encoding (Cp1252 actually) to copy filtered resources, i.e. build is platform dependent!
2022-05-02 19:49:55,932 [Worker-39: Building] INFO  o.e.m.c.i.embedder.EclipseLogger - skip non existing resourceDirectory C:\Users\First\Desktop\Complete_Java_Certification_Course\Prerequisite OOP\src\main\resources
2022-05-02 19:49:55,934 [Worker-39: Building] WARN  o.e.m.c.i.embedder.EclipseLogger - Using platform encoding (Cp1252 actually) to copy filtered resources, i.e. build is platform dependent!
2022-05-02 19:49:55,935 [Worker-39: Building] INFO  o.e.m.c.i.embedder.EclipseLogger - skip non existing resourceDirectory C:\Users\First\Desktop\Complete_Java_Certification_Course\Prerequisite OOP\src\test\resources
2022-05-02 19:52:21,529 [Worker-41: Launching Zoo (1)] WARN  o.e.m.c.i.embedder.EclipseLogger - Using platform encoding (Cp1252 actually) to copy filtered resources, i.e. build is platform dependent!
2022-05-02 19:52:21,529 [Worker-41: Launching Zoo (1)] INFO  o.e.m.c.i.embedder.EclipseLogger - skip non existing resourceDirectory C:\Users\First\Desktop\Complete_Java_Certification_Course\Prerequisite OOP\src\main\resources
2022-05-02 19:52:21,529 [Worker-41: Launching Zoo (1)] WARN  o.e.m.c.i.embedder.EclipseLogger - Using platform encoding (Cp1252 actually) to copy filtered resources, i.e. build is platform dependent!
2022-05-02 19:52:21,529 [Worker-41: Launching Zoo (1)] INFO  o.e.m.c.i.embedder.EclipseLogger - skip non existing resourceDirectory C:\Users\First\Desktop\Complete_Java_Certification_Course\Prerequisite OOP\src\test\resources
2022-05-02 19:53:00,274 [Worker-39: Launching Zoo (1)] WARN  o.e.m.c.i.embedder.EclipseLogger - Using platform encoding (Cp1252 actually) to copy filtered resources, i.e. build is platform dependent!
2022-05-02 19:53:00,274 [Worker-39: Launching Zoo (1)] INFO  o.e.m.c.i.embedder.EclipseLogger - skip non existing resourceDirectory C:\Users\First\Desktop\Complete_Java_Certification_Course\Prerequisite OOP\src\main\resources
2022-05-02 19:53:00,274 [Worker-39: Launching Zoo (1)] WARN  o.e.m.c.i.embedder.EclipseLogger - Using platform encoding (Cp1252 actually) to copy filtered resources, i.e. build is platform dependent!
2022-05-02 19:53:00,274 [Worker-39: Launching Zoo (1)] INFO  o.e.m.c.i.embedder.EclipseLogger - skip non existing resourceDirectory C:\Users\First\Desktop\Complete_Java_Certification_Course\Prerequisite OOP\src\test\resources
2022-05-02 19:53:49,827 [Worker-3: Launching Zoo (1)] WARN  o.e.m.c.i.embedder.EclipseLogger - Using platform encoding (Cp1252 actually) to copy filtered resources, i.e. build is platform dependent!
2022-05-02 19:53:49,827 [Worker-3: Launching Zoo (1)] INFO  o.e.m.c.i.embedder.EclipseLogger - skip non existing resourceDirectory C:\Users\First\Desktop\Complete_Java_Certification_Course\Prerequisite OOP\src\main\resources
2022-05-02 19:53:49,827 [Worker-3: Launching Zoo (1)] WARN  o.e.m.c.i.embedder.EclipseLogger - Using platform encoding (Cp1252 actually) to copy filtered resources, i.e. build is platform dependent!
2022-05-02 19:53:49,827 [Worker-3: Launching Zoo (1)] INFO  o.e.m.c.i.embedder.EclipseLogger - skip non existing resourceDirectory C:\Users\First\Desktop\Complete_Java_Certification_Course\Prerequisite OOP\src\test\resources
2022-05-02 19:54:00,954 [Worker-39: Launching Zoo (1)] WARN  o.e.m.c.i.embedder.EclipseLogger - Using platform encoding (Cp1252 actually) to copy filtered resources, i.e. build is platform dependent!
2022-05-02 19:54:00,954 [Worker-39: Launching Zoo (1)] INFO  o.e.m.c.i.embedder.EclipseLogger - skip non existing resourceDirectory C:\Users\First\Desktop\Complete_Java_Certification_Course\Prerequisite OOP\src\main\resources
2022-05-02 19:54:00,954 [Worker-39: Launching Zoo (1)] WARN  o.e.m.c.i.embedder.EclipseLogger - Using platform encoding (Cp1252 actually) to copy filtered resources, i.e. build is platform dependent!
2022-05-02 19:54:00,970 [Worker-39: Launching Zoo (1)] INFO  o.e.m.c.i.embedder.EclipseLogger - skip non existing resourceDirectory C:\Users\First\Desktop\Complete_Java_Certification_Course\Prerequisite OOP\src\test\resources
2022-05-02 19:54:41,462 [Worker-42: Launching Zoo (1)] WARN  o.e.m.c.i.embedder.EclipseLogger - Using platform encoding (Cp1252 actually) to copy filtered resources, i.e. build is platform dependent!
2022-05-02 19:54:41,462 [Worker-42: Launching Zoo (1)] INFO  o.e.m.c.i.embedder.EclipseLogger - skip non existing resourceDirectory C:\Users\First\Desktop\Complete_Java_Certification_Course\Prerequisite OOP\src\main\resources
2022-05-02 19:54:41,478 [Worker-42: Launching Zoo (1)] WARN  o.e.m.c.i.embedder.EclipseLogger - Using platform encoding (Cp1252 actually) to copy filtered resources, i.e. build is platform dependent!
2022-05-02 19:54:41,478 [Worker-42: Launching Zoo (1)] INFO  o.e.m.c.i.embedder.EclipseLogger - skip non existing resourceDirectory C:\Users\First\Desktop\Complete_Java_Certification_Course\Prerequisite OOP\src\test\resources
2022-05-02 19:55:34,269 [Worker-38: Launching Zoo (1)] WARN  o.e.m.c.i.embedder.EclipseLogger - Using platform encoding (Cp1252 actually) to copy filtered resources, i.e. build is platform dependent!
2022-05-02 19:55:34,270 [Worker-38: Launching Zoo (1)] INFO  o.e.m.c.i.embedder.EclipseLogger - skip non existing resourceDirectory C:\Users\First\Desktop\Complete_Java_Certification_Course\Prerequisite OOP\src\main\resources
2022-05-02 19:55:34,271 [Worker-38: Launching Zoo (1)] WARN  o.e.m.c.i.embedder.EclipseLogger - Using platform encoding (Cp1252 actually) to copy filtered resources, i.e. build is platform dependent!
2022-05-02 19:55:34,272 [Worker-38: Launching Zoo (1)] INFO  o.e.m.c.i.embedder.EclipseLogger - skip non existing resourceDirectory C:\Users\First\Desktop\Complete_Java_Certification_Course\Prerequisite OOP\src\test\resources
2022-05-02 19:55:52,357 [Worker-37: Launching Zoo (1)] WARN  o.e.m.c.i.embedder.EclipseLogger - Using platform encoding (Cp1252 actually) to copy filtered resources, i.e. build is platform dependent!
2022-05-02 19:55:52,358 [Worker-37: Launching Zoo (1)] INFO  o.e.m.c.i.embedder.EclipseLogger - skip non existing resourceDirectory C:\Users\First\Desktop\Complete_Java_Certification_Course\Prerequisite OOP\src\main\resources
2022-05-02 19:55:52,360 [Worker-37: Launching Zoo (1)] WARN  o.e.m.c.i.embedder.EclipseLogger - Using platform encoding (Cp1252 actually) to copy filtered resources, i.e. build is platform dependent!
2022-05-02 19:55:52,361 [Worker-37: Launching Zoo (1)] INFO  o.e.m.c.i.embedder.EclipseLogger - skip non existing resourceDirectory C:\Users\First\Desktop\Complete_Java_Certification_Course\Prerequisite OOP\src\test\resources
2022-05-02 19:55:57,897 [Worker-40: Launching Zoo (1)] WARN  o.e.m.c.i.embedder.EclipseLogger - Using platform encoding (Cp1252 actually) to copy filtered resources, i.e. build is platform dependent!
2022-05-02 19:55:57,898 [Worker-40: Launching Zoo (1)] INFO  o.e.m.c.i.embedder.EclipseLogger - skip non existing resourceDirectory C:\Users\First\Desktop\Complete_Java_Certification_Course\Prerequisite OOP\src\main\resources
2022-05-02 19:55:57,899 [Worker-40: Launching Zoo (1)] WARN  o.e.m.c.i.embedder.EclipseLogger - Using platform encoding (Cp1252 actually) to copy filtered resources, i.e. build is platform dependent!
2022-05-02 19:55:57,900 [Worker-40: Launching Zoo (1)] INFO  o.e.m.c.i.embedder.EclipseLogger - skip non existing resourceDirectory C:\Users\First\Desktop\Complete_Java_Certification_Course\Prerequisite OOP\src\test\resources
2022-05-02 19:56:06,451 [Worker-38: Launching Zoo (1)] WARN  o.e.m.c.i.embedder.EclipseLogger - Using platform encoding (Cp1252 actually) to copy filtered resources, i.e. build is platform dependent!
2022-05-02 19:56:06,452 [Worker-38: Launching Zoo (1)] INFO  o.e.m.c.i.embedder.EclipseLogger - skip non existing resourceDirectory C:\Users\First\Desktop\Complete_Java_Certification_Course\Prerequisite OOP\src\main\resources
2022-05-02 19:56:06,453 [Worker-38: Launching Zoo (1)] WARN  o.e.m.c.i.embedder.EclipseLogger - Using platform encoding (Cp1252 actually) to copy filtered resources, i.e. build is platform dependent!
2022-05-02 19:56:06,454 [Worker-38: Launching Zoo (1)] INFO  o.e.m.c.i.embedder.EclipseLogger - skip non existing resourceDirectory C:\Users\First\Desktop\Complete_Java_Certification_Course\Prerequisite OOP\src\test\resources
2022-05-02 19:56:16,433 [Worker-38: Launching Zoo (1)] WARN  o.e.m.c.i.embedder.EclipseLogger - Using platform encoding (Cp1252 actually) to copy filtered resources, i.e. build is platform dependent!
2022-05-02 19:56:16,433 [Worker-38: Launching Zoo (1)] INFO  o.e.m.c.i.embedder.EclipseLogger - skip non existing resourceDirectory C:\Users\First\Desktop\Complete_Java_Certification_Course\Prerequisite OOP\src\main\resources
